 === >Carte< === 
taille 95 x 110
Carburant de départ 650 

....................................................##############.............................
...................................................################............................
...................................................#################...........................
..................................................###################..........................
..................................................####################.........................
.................................................######~~~~~~~~~#######........................
.................................................######~........~#######.......................
.................................................#####~...........#######......................
.................................................#####.............#######.....................
.................................................#####..............#######....................
.................................................#####...............#######...................
.................................................#####................#######..................
................................................~#####.................#######.................
...............................................~~#####..................#######................
..............................................~~~#####...................#######...............
.............................................~~~~#####....................#######..............
....................##################################.....................#######.............
...................###################################......................#######............
..................####################################.......................#######...........
.................#####################################........................#######..........
................#####################################..........................#######.........
...............#######..........................................................#######........
..............#######............................................................######........
.............#######..............................................................#####........
............#######...............................................................#####........
...........#######................................................................#####........
..........#######.................................................................#####........
.........#######..................................................................#####........
........#######...................................................................#####........
.......#######....................................................................#####........
.......######.....................................................................#####........
.......#####......................................................................#####........
.......#####......................................................................#####........
.......#####......................................................................#####........
.......#####.....................................................................#######.......
.......#####....................................................................#########......
.......#####...................................................................###########.....
.......#####..................................................................#############....
.......#####.................................................................#######.#######...
.......#####................................................................#######...#######..
.......#####...............................................................#######.....#######.
.......#####...............................................................######.......######.
.......#####...............................................................#####.........#####.
.......#####...............................................................#####.........#####.
.......#####...............................................................#####.........#####.
.......#####...............................................................#####.........#####.
.......#####...............................................................#####.........#####.
.......#####...............................................................#####.........#####.
.......#####.................................####################..........#####.........#####.
.......#####................................######################.........#####.........#####.
.......#####...............................#######################.........#####.........#####.
.......#####..............................########################.........#####.........#####.
.......#####.............................#########################.........~####.........####~.
.......#####............................#######..............#####.........~#####.......#####~.
.......#####...........................#######...............#####.........~~#####.....#####~~.
.......#####..........................#######................#####.........~~~#####...#####~~~.
.......#####.........................#######.................#####..........~~~###########~~~..
.......#####........................#######..................#####...........~~~#########~~~...
.......#####.......................#######...................#####............~~~#######~~~....
.......#####......................#######....................#####............~~~#######~~~....
.......#####......................######.....................#####...........~~###########~~...
.......#####......................#####......................#####...........###############...
.......#####......................#####......................#####..........#################..
.......#####......................#####......................#####.........########...########.
.......#####......................#####......................#####.........#######.....#######.
..................................#####......................#####.........######.......######.
..................................#####......................#####.........#####.........#####.
..................................#####......................#####.........#####.........#####.
..................................#####.....................######.........#####.........#####.
..................................#####....................#######.........#####.........#####.
..................................#####...................########.........#####.........#####.
..................................#####..................########..........#####.........#####.
..................................#####.................#######~~..........#####.........#####.
..................................#####................#######~~...........#####.........#####.
.......=====......................#####...............#######~~............~####.........####~.
.......#####......................#####...............######~~~............~####.........####~.
.......#####.....................######...............#######~~............~~###.........###~~.
.......#####...................########................#######~~...........~~####.......####~~.
.......#####.................#########~.................#######~...........~~~####.....####~~~.
.......#####...............~#########~...................#######~...........~~#####...#####~~..
......######..............~########~~.....................#######............~~#####.#####~~...
.....#######.............~#######~~........................#######............~###########~....
.....#######............~######~~...........................#######............~#########~.....
.....#######............~#####~~.............................#######............~#######~......
.....#######............~####~~...............................######~~~..........~#####~.......
.....#######............~####~~................................######~~~..........#####........
.....#######............~#####~~................................######~~..........#####........
.....#######............~######~~................................######~..........#####........
.....#######.............~#######~~..............................#######..........#####........
.....#######..............~########~~............................#######..........#####........
.....#######...............~#########~...........................#######..........#####........
.....#######.................#########~..........................#######..........#####........
.....#######...................########..........................#######..........#####........
.....#######.....................######..........................#######..........#####........
.....#######......................#####.........................########..........#####........
.....#######......................#####........................#########..........#####........
.....#######......................#####........................#########..........#####........
.....################.............#####........................#########.........######........
.....#################............#####........................#########........#######........
.....##################...........#####........................#########.......#######.........
.....###################..........#####........................#########......#######..........
......###################.........#####........................#########.....#######...........
...................#######........#####........................#########~~~~#######............
....................###################........................#########~~~#######.............
.....................##################........................#########~~#######..............
......................#################.........................################...............
.......................################..........................##############................
........................##############............................############.................
...................................................................###########.................
....................................................................#########..................

 === Debut Course === 

 === Tour 1 === 
11 64	8 64	10 64
 === Action === 
1 0 (carburant restant 649)

 === Tour 2 === 
11 64	9 64	10 64
 === Action === 
1 0 (carburant restant 647)

 === Tour 3 === 
11 64	9 64	10 64
 === Action === 
1 0 (carburant restant 643)

 === Tour 4 === 
11 64	9 64	10 64
 === Action === 
1 0 (carburant restant 638)
 === Tour 5 === 
10 64	11 64	9 64
 === Action === 
1 0 (carburant restant 631)


 === Tour 6 === 
11 64	9 64	10 64
 === Action === 
1 0 (carburant restant 623)
 === Tour 7 === 
10 64	11 64	9 64
 === Action === 
1 0 (carburant restant 613)


 === Tour 8 === 
11 64	9 64	10 64
 === Action === 
1 0 (carburant restant 602)
 === Tour 9 === 
10 64	11 64	9 64
 === Action === 
1 0 (carburant restant 589)

 === Tour 10 === 
10 64	11 64	9 64
 === Action === 
1 0 (carburant restant 575)

 === Tour 11 === 
10 64	11 64	9 64
 === Action === 
1 0 (carburant restant 559)

 === Tour 12 === 
10 64	11 64	9 64
 === Action === 
1 0 (carburant restant 542)


 === Tour 13 === 
11 64	9 64	10 64
 === Action === 
1 0 (carburant restant 523)
 === Tour 14 === 
10 64	11 64	9 64
 === Action === 
1 0 (carburant restant 503)

 === Tour 15 === 
10 64	11 64	9 64
 === Action === 
1 0 (carburant restant 481)

 === Tour 16 === 
10 64	11 64	9 64
 === Action === 
1 0 (carburant restant 458)


 === Tour 17 === 
11 64	9 64	10 64
 === Action === 
1 0 (carburant restant 433)

 === Tour 18 === 
11 64	9 64	10 64
 === Action === 
1 0 (carburant restant 407)

 === Tour 19 === 
11 64	9 64	10 64
 === Action === 
1 0 (carburant restant 379)
 === Tour 20 === 
10 64	11 64	9 64
 === Action === 
1 0 (carburant restant 350)

 === Tour 21 === 
10 64	11 64	9 64
 === Action === 
1 0 (carburant restant 319)

 === Tour 22 === 
10 64	11 64	9 64
 === Action === 
1 0 (carburant restant 287)


 === Tour 23 === 
11 64	9 64	10 64
 === Action === 
1 0 (carburant restant 253)
 === Tour 24 === 
10 64	11 64	9 64
 === Action === 
1 0 (carburant restant 218)


 === Tour 25 === 
11 64	9 64	10 64
 === Action === 
1 0 (carburant restant 181)
 === Tour 26 === 
10 64	11 64	9 64
 === Action === 
1 0 (carburant restant 143)

 === Tour 27 === 
10 64	11 64	9 64
 === Action === 
1 0 (carburant restant 103)

 === Tour 28 === 
10 64	11 64	9 64
 === Action === 
1 0 (carburant restant 62)

 === Tour 29 === 
10 64	11 64	9 64
 === Action === 
1 0 (carburant restant 19)

 === Tour 30 === 
10 64	11 64	9 64
 === Action === 
1 0 (carburant restant -25)

 === Tour 31 === 
10 64	11 64	9 64
 === Action === 
1 0 (carburant restant -71)

 === Tour 32 === 
10 64	11 64	9 64
 === Action === 
1 0 (carburant restant -118)


 === Tour 33 === 
11 64	9 64	10 64
 === Action === 
1 0 (carburant restant -167)
 === Tour 34 === 
10 64	11 64	9 64
 === Action === 
1 0 (carburant restant -217)


 === Tour 35 === 
11 64	9 64	10 64
 === Action === 
1 0 (carburant restant -269)
 === Tour 36 === 
10 64	11 64	9 64
 === Action === 
1 0 (carburant restant -322)


 === Tour 37 === 
11 64	9 64	10 64
 === Action === 
1 0 (carburant restant -377)

 === Tour 38 === 
11 64	9 64	10 64
 === Action === 
1 0 (carburant restant -433)
 === Tour 39 === 
10 64	11 64	9 64
 === Action === 
1 0 (carburant restant -491)


 === Tour 40 === 
11 64	9 64	10 64
 === Action === 
1 0 (carburant restant -550)
 === Tour 41 === 
10 64	11 64	9 64
 === Action === 
1 0 (carburant restant -611)

 === Tour 42 === 
10 64	11 64	9 64
 === Action === 
1 0 (carburant restant -673)

 === Tour 43 === 
10 64	11 64	9 64
 === Action === 
1 0 (carburant restant -737)

 === Tour 44 === 
10 64	11 64	9 64
 === Action === 
1 0 (carburant restant -802)


 === Tour 45 === 
11 64	9 64	10 64
 === Action === 
1 0 (carburant restant -869)
 === Tour 46 === 
10 64	11 64	9 64
 === Action === 
1 0 (carburant restant -937)

 === Tour 47 === 
10 64	11 64	9 64
 === Action === 
1 0 (carburant restant -1007)


 === Tour 48 === 
11 64	9 64	10 64
 === Action === 
1 0 (carburant restant -1078)
 === Tour 49 === 
10 64	11 64	9 64
 === Action === 
1 0 (carburant restant -1151)

 === Tour 50 === 
10 64	11 64	9 64
 === Action === 
1 0 (carburant restant -1225)

 === Tour 51 === 
10 64	11 64	9 64
 === Action === 
1 0 (carburant restant -1301)

 === Tour 52 === 
10 64	11 64	9 64
 === Action === 
1 0 (carburant restant -1378)


 === Tour 53 === 
11 64	9 64	10 64
 === Action === 
1 0 (carburant restant -1457)

 === Tour 54 === 
11 64	9 64	10 64
 === Action === 
1 0 (carburant restant -1537)

 === Tour 55 === 
11 64	9 64	10 64
 === Action === 
1 0 (carburant restant -1619)

 === Tour 56 === 
11 64	9 64	10 64
 === Action === 
1 0 (carburant restant -1702)

 === Tour 57 === 
11 64	9 64	10 64
 === Action === 
1 0 (carburant restant -1787)

 === Tour 58 === 
11 64	9 64	10 64
 === Action === 
1 0 (carburant restant -1873)
 === Tour 59 === 
10 64	11 64	9 64
 === Action === 
1 0 (carburant restant -1961)

 === Tour 60 === 
10 64	11 64	9 64
 === Action === 
1 0 (carburant restant -2050)


 === Tour 61 === 
11 64	9 64	10 64
 === Action === 
1 0 (carburant restant -2141)

 === Tour 62 === 
11 64	9 64	10 64
 === Action === 
1 0 (carburant restant -2233)

 === Tour 63 === 
11 64	9 64	10 64
 === Action === 
1 0 (carburant restant -2327)
 === Tour 64 === 
10 64	11 64	9 64
 === Action === 
1 0 (carburant restant -2422)


 === Tour 65 === 
11 64	9 64	10 64
 === Action === 
1 0 (carburant restant -2519)
 === Tour 66 === 
10 64	11 64	9 64
 === Action === 
1 0 (carburant restant -2617)

 === Tour 67 === 
10 64	11 64	9 64
 === Action === 
1 0 (carburant restant -2717)

 === Tour 68 === 
10 64	11 64	9 64
 === Action === 
1 0 (carburant restant -2818)

 === Tour 69 === 
10 64	11 64	9 64
 === Action === 
1 0 (carburant restant -2921)

 === Tour 70 === 
10 64	11 64	9 64
 === Action === 
1 0 (carburant restant -3025)


 === Tour 71 === 
11 64	9 64	10 64
 === Action === 
1 0 (carburant restant -3131)

 === Tour 72 === 
11 64	9 64	10 64
 === Action === 
1 0 (carburant restant -3238)
 === Tour 73 === 
10 64	11 64	9 64
 === Action === 
1 0 (carburant restant -3347)


 === Tour 74 === 
11 64	9 64	10 64
 === Action === 
1 0 (carburant restant -3457)

 === Tour 75 === 
11 64	9 64	10 64
 === Action === 
1 0 (carburant restant -3569)
 === Tour 76 === 
10 64	11 64	9 64
 === Action === 
1 0 (carburant restant -3682)


 === Tour 77 === 
11 64	9 64	10 64
 === Action === 
1 0 (carburant restant -3797)

 === Tour 78 === 
11 64	9 64	10 64
 === Action === 
1 0 (carburant restant -3913)

 === Tour 79 === 
11 64	9 64	10 64
 === Action === 
1 0 (carburant restant -4031)
 === Tour 80 === 
10 64	11 64	9 64
 === Action === 
1 0 (carburant restant -4150)


 === Tour 81 === 
11 64	9 64	10 64
 === Action === 
1 0 (carburant restant -4271)
 === Tour 82 === 
10 64	11 64	9 64
 === Action === 
1 0 (carburant restant -4393)

 === Tour 83 === 
10 64	11 64	9 64
 === Action === 
1 0 (carburant restant -4517)


 === Tour 84 === 
11 64	9 64	10 64
 === Action === 
1 0 (carburant restant -4642)

 === Tour 85 === 
11 64	9 64	10 64
 === Action === 
1 0 (carburant restant -4769)
 === Tour 86 === 
10 64	11 64	9 64
 === Action === 
1 0 (carburant restant -4897)

 === Tour 87 === 
10 64	11 64	9 64
 === Action === 
1 0 (carburant restant -5027)


 === Tour 88 === 
11 64	9 64	10 64
 === Action === 
1 0 (carburant restant -5158)
 === Tour 89 === 
10 64	11 64	9 64
 === Action === 
1 0 (carburant restant -5291)

 === Tour 90 === 
10 64	11 64	9 64
 === Action === 
1 0 (carburant restant -5425)

 === Tour 91 === 
10 64	11 64	9 64
 === Action === 
1 0 (carburant restant -5561)

 === Tour 92 === 
10 64	11 64	9 64
 === Action === 
1 0 (carburant restant -5698)

 === Tour 93 === 
10 64	11 64	9 64
 === Action === 
1 0 (carburant restant -5837)


 === Tour 94 === 
11 64	9 64	10 64
 === Action === 
1 0 (carburant restant -5977)
 === Tour 95 === 
10 64	11 64	9 64
 === Action === 
1 0 (carburant restant -6119)

 === Tour 96 === 
10 64	11 64	9 64
 === Action === 
1 0 (carburant restant -6262)

 === Tour 97 === 
10 64	11 64	9 64
 === Action === 
1 0 (carburant restant -6407)


 === Tour 98 === 
11 64	9 64	10 64
 === Action === 
1 0 (carburant restant -6553)
 === Tour 99 === 
10 64	11 64	9 64
 === Action === 
1 0 (carburant restant -6701)


 === Tour 100 === 
11 64	9 64	10 64
 === Action === 
1 0 (carburant restant -6850)

 === Tour 101 === 
11 64	9 64	10 64
 === Action === 
1 0 (carburant restant -7001)

 === Tour 102 === 
11 64	9 64	10 64
 === Action === 
1 0 (carburant restant -7153)

 === Tour 103 === 
11 64	9 64	10 64
 === Action === 
1 0 (carburant restant -7307)

 === Tour 104 === 
11 64	9 64	10 64
 === Action === 
1 0 (carburant restant -7462)
 === Tour 105 === 
10 64	11 64	9 64
 === Action === 
1 0 (carburant restant -7619)

 === Tour 106 === 
10 64	11 64	9 64
 === Action === 
1 0 (carburant restant -7777)


 === Tour 107 === 
11 64	9 64	10 64
 === Action === 
1 0 (carburant restant -7937)

 === Tour 108 === 
11 64	9 64	10 64
 === Action === 
1 0 (carburant restant -8098)

 === Tour 109 === 
11 64	9 64	10 64
 === Action === 
1 0 (carburant restant -8261)
 === Tour 110 === 
10 64	11 64	9 64
 === Action === 
1 0 (carburant restant -8425)

 === Tour 111 === 
10 64	11 64	9 64
 === Action === 
1 0 (carburant restant -8591)


 === Tour 112 === 
11 64	9 64	10 64
 === Action === 
1 0 (carburant restant -8758)

 === Tour 113 === 
11 64	9 64	10 64
 === Action === 
1 0 (carburant restant -8927)
 === Tour 114 === 
10 64	11 64	9 64
 === Action === 
1 0 (carburant restant -9097)


 === Tour 115 === 
11 64	9 64	10 64
 === Action === 
1 0 (carburant restant -9269)

 === Tour 116 === 
11 64	9 64	10 64
 === Action === 
1 0 (carburant restant -9442)
 === Tour 117 === 
10 64	11 64	9 64
 === Action === 
1 0 (carburant restant -9617)

 === Tour 118 === 
10 64	11 64	9 64
 === Action === 
1 0 (carburant restant -9793)


 === Tour 119 === 
11 64	9 64	10 64
 === Action === 
1 0 (carburant restant -9971)
 === Tour 120 === 
10 64	11 64	9 64
 === Action === 
1 0 (carburant restant -10150)

 === Tour 121 === 
10 64	11 64	9 64
 === Action === 
1 0 (carburant restant -10331)

 === Tour 122 === 
10 64	11 64	9 64
 === Action === 
1 0 (carburant restant -10513)


 === Tour 123 === 
11 64	9 64	10 64
 === Action === 
1 0 (carburant restant -10697)
 === Tour 124 === 
10 64	11 64	9 64
 === Action === 
1 0 (carburant restant -10882)


 === Tour 125 === 
11 64	9 64	10 64
 === Action === 
1 0 (carburant restant -11069)

 === Tour 126 === 
11 64	9 64	10 64
 === Action === 
1 0 (carburant restant -11257)
 === Tour 127 === 
10 64	11 64	9 64
 === Action === 
1 0 (carburant restant -11447)

 === Tour 128 === 
10 64	11 64	9 64
 === Action === 
1 0 (carburant restant -11638)


 === Tour 129 === 
11 64	9 64	10 64
 === Action === 
1 0 (carburant restant -11831)

 === Tour 130 === 
11 64	9 64	10 64
 === Action === 
1 0 (carburant restant -12025)

 === Tour 131 === 
11 64	9 64	10 64
 === Action === 
1 0 (carburant restant -12221)
 === Tour 132 === 
10 64	11 64	9 64
 === Action === 
1 0 (carburant restant -12418)

 === Tour 133 === 
10 64	11 64	9 64
 === Action === 
1 0 (carburant restant -12617)


 === Tour 134 === 
11 64	9 64	10 64
 === Action === 
1 0 (carburant restant -12817)

 === Tour 135 === 
11 64	9 64	10 64
 === Action === 
1 0 (carburant restant -13019)

 === Tour 136 === 
11 64	9 64	10 64
 === Action === 
1 0 (carburant restant -13222)

 === Tour 137 === 
11 64	9 64	10 64
 === Action === 
1 0 (carburant restant -13427)
 === Tour 138 === 
10 64	11 64	9 64
 === Action === 
1 0 (carburant restant -13633)

 === Tour 139 === 
10 64	11 64	9 64
 === Action === 
1 0 (carburant restant -13841)


 === Tour 140 === 
11 64	9 64	10 64
 === Action === 
1 0 (carburant restant -14050)

 === Tour 141 === 
11 64	9 64	10 64
 === Action === 
1 0 (carburant restant -14261)
 === Tour 142 === 
10 64	11 64	9 64
 === Action === 
1 0 (carburant restant -14473)

 === Tour 143 === 
10 64	11 64	9 64
 === Action === 
1 0 (carburant restant -14687)


 === Tour 144 === 
11 64	9 64	10 64
 === Action === 
1 0 (carburant restant -14902)
 === Tour 145 === 
10 64	11 64	9 64
 === Action === 
1 0 (carburant restant -15119)


 === Tour 146 === 
11 64	9 64	10 64
 === Action === 
1 0 (carburant restant -15337)
 === Tour 147 === 
10 64	11 64	9 64
 === Action === 
1 0 (carburant restant -15557)


 === Tour 148 === 
11 64	9 64	10 64
 === Action === 
1 0 (carburant restant -15778)

 === Tour 149 === 
11 64	9 64	10 64
 === Action === 
1 0 (carburant restant -16001)

 === Tour 150 === 
11 64	9 64	10 64
 === Action === 
1 0 (carburant restant -16225)

 === Tour 151 === 
11 64	9 64	10 64
 === Action === 
1 0 (carburant restant -16451)

 === Tour 152 === 
11 64	9 64	10 64
 === Action === 
1 0 (carburant restant -16678)
 === Tour 153 === 
10 64	11 64	9 64
 === Action === 
1 0 (carburant restant -16907)


 === Tour 154 === 
11 64	9 64	10 64
 === Action === 
1 0 (carburant restant -17137)
 === Tour 155 === 
10 64	11 64	9 64
 === Action === 
1 0 (carburant restant -17369)


 === Tour 156 === 
11 64	9 64	10 64
 === Action === 
1 0 (carburant restant -17602)
 === Tour 157 === 
10 64	11 64	9 64
 === Action === 
1 0 (carburant restant -17837)

 === Tour 158 === 
10 64	11 64	9 64
 === Action === 
1 0 (carburant restant -18073)

 === Tour 159 === 
10 64	11 64	9 64
 === Action === 
1 0 (carburant restant -18311)

 === Tour 160 === 
10 64	11 64	9 64
 === Action === 
1 0 (carburant restant -18550)


 === Tour 161 === 
11 64	9 64	10 64
 === Action === 
1 0 (carburant restant -18791)
 === Tour 162 === 
10 64	11 64	9 64
 === Action === 
1 0 (carburant restant -19033)


 === Tour 163 === 
11 64	9 64	10 64
 === Action === 
1 0 (carburant restant -19277)
 === Tour 164 === 
10 64	11 64	9 64
 === Action === 
1 0 (carburant restant -19522)

 === Tour 165 === 
10 64	11 64	9 64
 === Action === 
1 0 (carburant restant -19769)

 === Tour 166 === 
10 64	11 64	9 64
 === Action === 
1 0 (carburant restant -20017)


 === Tour 167 === 
11 64	9 64	10 64
 === Action === 
1 0 (carburant restant -20267)
 === Tour 168 === 
10 64	11 64	9 64
 === Action === 
1 0 (carburant restant -20518)

 === Tour 169 === 
9 64	10 64	11 64
 === Action === 
1 0 (carburant restant -20771)
